TN:
SF:src\modules\reservation.js
FN:1,(anonymous_0)
FN:1,(anonymous_1)
FN:7,(anonymous_2)
FN:14,(anonymous_3)
FN:15,(anonymous_4)
FN:18,(anonymous_5)
FN:22,(anonymous_6)
FN:23,(anonymous_7)
FN:27,(anonymous_8)
FN:29,(anonymous_9)
FN:31,(anonymous_10)
FN:40,(anonymous_11)
FN:45,(anonymous_12)
FN:46,(anonymous_13)
FN:47,(anonymous_14)
FN:51,(anonymous_15)
FN:53,(anonymous_16)
FN:54,(anonymous_17)
FN:58,(anonymous_18)
FN:59,(anonymous_19)
FN:64,(anonymous_20)
FN:66,(anonymous_21)
FN:67,(anonymous_22)
FN:101,(anonymous_23)
FN:107,(anonymous_24)
FN:117,(anonymous_25)
FNF:26
FNH:1
FNDA:0,(anonymous_0)
FNDA:0,(anonymous_1)
FNDA:0,(anonymous_2)
FNDA:0,(anonymous_3)
FNDA:0,(anonymous_4)
FNDA:0,(anonymous_5)
FNDA:0,(anonymous_6)
FNDA:0,(anonymous_7)
FNDA:0,(anonymous_8)
FNDA:0,(anonymous_9)
FNDA:0,(anonymous_10)
FNDA:0,(anonymous_11)
FNDA:0,(anonymous_12)
FNDA:0,(anonymous_13)
FNDA:0,(anonymous_14)
FNDA:0,(anonymous_15)
FNDA:0,(anonymous_16)
FNDA:0,(anonymous_17)
FNDA:0,(anonymous_18)
FNDA:0,(anonymous_19)
FNDA:3,(anonymous_20)
FNDA:0,(anonymous_21)
FNDA:0,(anonymous_22)
FNDA:0,(anonymous_23)
FNDA:0,(anonymous_24)
FNDA:0,(anonymous_25)
DA:1,1
DA:2,1
DA:3,1
DA:5,1
DA:7,1
DA:8,0
DA:14,0
DA:15,0
DA:18,0
DA:19,0
DA:22,1
DA:23,0
DA:24,0
DA:27,1
DA:28,0
DA:29,0
DA:30,0
DA:31,0
DA:32,0
DA:35,0
DA:40,1
DA:41,0
DA:45,0
DA:46,0
DA:47,0
DA:48,0
DA:51,1
DA:52,0
DA:53,0
DA:54,0
DA:55,0
DA:58,1
DA:59,0
DA:60,0
DA:64,3
DA:66,1
DA:67,0
DA:68,0
DA:99,0
DA:100,0
DA:101,0
DA:102,0
DA:103,0
DA:105,0
DA:106,0
DA:107,0
DA:108,0
DA:109,0
DA:110,0
DA:111,0
DA:112,0
DA:118,0
DA:119,0
DA:120,0
LF:54
LH:12
BRDA:15,0,0,0
BRDA:15,0,1,0
BRDA:30,1,0,0
BRDA:30,1,1,0
BRDA:53,2,0,0
BRDA:53,2,1,0
BRDA:64,3,0,2
BRDA:64,3,1,1
BRF:8
BRH:2
end_of_record
